d:\bhambrah\coding\git-repository\c++\c++ revision\c++ revision\debug\vc141.pdb
d:\bhambrah\coding\git-repository\c++\c++ revision\c++ revision\debug\vc141.idb
d:\bhambrah\coding\git-repository\c++\c++ revision\c++ revision\debug\getmissingnumber.obj
d:\bhambrah\coding\git-repository\c++\c++ revision\c++ revision\debug\getmissingnumber1.obj
d:\bhambrah\coding\git-repository\c++\c++ revision\debug\c++ revision.exe
d:\bhambrah\coding\git-repository\c++\c++ revision\debug\c++ revision.ilk
d:\bhambrah\coding\git-repository\c++\c++ revision\debug\c++ revision.pdb
d:\bhambrah\coding\git-repository\c++\c++ revision\c++ revision\debug\source.obj
d:\bhambrah\coding\git-repository\c++\c++ revision\c++ revision\debug\c++ revision.tlog\cl.command.1.tlog
d:\bhambrah\coding\git-repository\c++\c++ revision\c++ revision\debug\c++ revision.tlog\cl.read.1.tlog
d:\bhambrah\coding\git-repository\c++\c++ revision\c++ revision\debug\c++ revision.tlog\cl.write.1.tlog
d:\bhambrah\coding\git-repository\c++\c++ revision\c++ revision\debug\c++ revision.tlog\link-cvtres.read.1.tlog
d:\bhambrah\coding\git-repository\c++\c++ revision\c++ revision\debug\c++ revision.tlog\link-cvtres.write.1.tlog
d:\bhambrah\coding\git-repository\c++\c++ revision\c++ revision\debug\c++ revision.tlog\link-rc.read.1.tlog
d:\bhambrah\coding\git-repository\c++\c++ revision\c++ revision\debug\c++ revision.tlog\link-rc.write.1.tlog
d:\bhambrah\coding\git-repository\c++\c++ revision\c++ revision\debug\c++ revision.tlog\link.19948-cvtres.read.1.tlog
d:\bhambrah\coding\git-repository\c++\c++ revision\c++ revision\debug\c++ revision.tlog\link.19948-cvtres.write.1.tlog
d:\bhambrah\coding\git-repository\c++\c++ revision\c++ revision\debug\c++ revision.tlog\link.19948-rc.read.1.tlog
d:\bhambrah\coding\git-repository\c++\c++ revision\c++ revision\debug\c++ revision.tlog\link.19948-rc.write.1.tlog
d:\bhambrah\coding\git-repository\c++\c++ revision\c++ revision\debug\c++ revision.tlog\link.19948.read.1.tlog
d:\bhambrah\coding\git-repository\c++\c++ revision\c++ revision\debug\c++ revision.tlog\link.19948.write.1.tlog
d:\bhambrah\coding\git-repository\c++\c++ revision\c++ revision\debug\c++ revision.tlog\link.command.1.tlog
d:\bhambrah\coding\git-repository\c++\c++ revision\c++ revision\debug\c++ revision.tlog\link.read.1.tlog
d:\bhambrah\coding\git-repository\c++\c++ revision\c++ revision\debug\c++ revision.tlog\link.write.1.tlog
